Traceback (most recent call last):
  File "<frozen runpy>", line 198, in _run_module_as_main
  File "<frozen runpy>", line 88, in _run_code
  File "C:\Python314\Lib\http\server.py", line 1410, in <module>
    test(
    ~~~~^
        HandlerClass=handler_class,
        ^^^^^^^^^^^^^^^^^^^^^^^^^^^
    ...<6 lines>...
        tls_password=tls_key_password,
        ^^^^^^^^^^^^^^^^^^^^^^^^^^^^^^
    )
    ^
  File "C:\Python314\Lib\http\server.py", line 1326, in test
    server = ServerClass(addr, HandlerClass)
  File "C:\Python314\Lib\socketserver.py", line 457, in __init__
    self.server_bind()
    ~~~~~~~~~~~~~~~~^^
  File "C:\Python314\Lib\http\server.py", line 1397, in server_bind
    return super().server_bind()
           ~~~~~~~~~~~~~~~~~~~^^
  File "C:\Python314\Lib\http\server.py", line 144, in server_bind
    socketserver.TCPServer.server_bind(self)
    ~~~~~~~~~~~~~~~~~~~~~~~~~~~~~~~~~~^^^^^^
  File "C:\Python314\Lib\socketserver.py", line 478, in server_bind
    self.socket.bind(self.server_address)
    ~~~~~~~~~~~~~~~~^^^^^^^^^^^^^^^^^^^^^
PermissionError: [WinError 10013] Une tentative dÆaccĶs Ó un socket de maniĶre interdite par ses autorisations dÆaccĶs a ķtķ tentķe
